[2018-07-16 13:54:55] request.CRITICAL: Uncaught PHP Exception Symfony\Component\Debug\Exception\ClassNotFoundException: "Attempted to load class "ps_bestsellers" from the global namespace. Did you forget a "use" statement?" at /Users/balamir/htdocs/prestashop/modules/ps_themecusto/controllers/admin/AdminPsThemeCustoConfiguration.php line 285 {"exception":"[object] (Symfony\\Component\\Debug\\Exception\\ClassNotFoundException(code: 0): Attempted to load class \"ps_bestsellers\" from the global namespace.\nDid you forget a \"use\" statement? at /Users/balamir/htdocs/prestashop/modules/ps_themecusto/controllers/admin/AdminPsThemeCustoConfiguration.php:285)"} []
[2018-07-16 14:21:30] request.INFO: Matched route "admin_module_manage". {"route":"admin_module_manage","route_parameters":{"category":null,"keyword":null,"_controller":"PrestaShopBundle\\Controller\\Admin\\ModuleController::manageAction","_legacy_controller":"AdminModulesManage","_route":"admin_module_manage"},"request_uri":"http://localhost:8888/prestashop/admin123/index.php/module/manage?_token=tDTcIid-VQVeO9KnOuXK_Q_JsI-fL_iiuEbNZLhlwtM","method":"GET"} []
[2018-07-16 14:21:30] security.DEBUG: Read existing security token from the session. {"key":"_security_main","token_class":"Symfony\\Component\\Security\\Core\\Authentication\\Token\\UsernamePasswordToken"} []
[2018-07-16 14:21:30] security.DEBUG: User was reloaded from a user provider. {"provider":"PrestaShopBundle\\Security\\Admin\\EmployeeProvider","username":"demo@tpanel.de"} []
[2018-07-16 14:21:35] app.ERROR: Data from PrestaShop Addons is invalid, and cannot fallback on cache.  {"exception":"cURL error 28: Operation timed out after 5001 milliseconds with 0 bytes received"} []
[2018-07-16 14:21:38] security.DEBUG: Stored the security token in the session. {"key":"_security_main"} []
[2018-07-16 14:21:39] request.INFO: Matched route "admin_module_notification_count". {"route":"admin_module_notification_count","route_parameters":{"_controller":"PrestaShopBundle\\Controller\\Admin\\ModuleController::notificationsCountAction","_legacy_controller":"AdminModulesNotifications","_route":"admin_module_notification_count"},"request_uri":"http://localhost:8888/prestashop/admin123/index.php/module/notifications/count?_token=tDTcIid-VQVeO9KnOuXK_Q_JsI-fL_iiuEbNZLhlwtM","method":"GET"} []
[2018-07-16 14:21:39] security.DEBUG: Read existing security token from the session. {"key":"_security_main","token_class":"Symfony\\Component\\Security\\Core\\Authentication\\Token\\UsernamePasswordToken"} []
[2018-07-16 14:21:39] security.DEBUG: User was reloaded from a user provider. {"provider":"PrestaShopBundle\\Security\\Admin\\EmployeeProvider","username":"demo@tpanel.de"} []
[2018-07-16 14:21:45] app.ERROR: Data from PrestaShop Addons is invalid, and cannot fallback on cache.  {"exception":"cURL error 28: Operation timed out after 5001 milliseconds with 0 bytes received"} []
[2018-07-16 14:21:45] security.DEBUG: Stored the security token in the session. {"key":"_security_main"} []
[2018-07-21 18:10:39] request.CRITICAL: Uncaught PHP Exception Symfony\Component\Debug\Exception\ClassNotFoundException: "Attempted to load class "ps_bestsellers" from the global namespace. Did you forget a "use" statement?" at /Users/balamir/htdocs/prestashop/modules/ps_themecusto/controllers/admin/AdminPsThemeCustoConfiguration.php line 285 {"exception":"[object] (Symfony\\Component\\Debug\\Exception\\ClassNotFoundException(code: 0): Attempted to load class \"ps_bestsellers\" from the global namespace.\nDid you forget a \"use\" statement? at /Users/balamir/htdocs/prestashop/modules/ps_themecusto/controllers/admin/AdminPsThemeCustoConfiguration.php:285)"} []
[2018-07-21 18:14:59] request.INFO: Matched route "admin_module_manage". {"route":"admin_module_manage","route_parameters":{"category":null,"keyword":null,"_controller":"PrestaShopBundle\\Controller\\Admin\\ModuleController::manageAction","_legacy_controller":"AdminModulesManage","_route":"admin_module_manage"},"request_uri":"http://localhost:8888/prestashop/admin123/index.php/module/manage?_token=NUNSxsRfUAm7S9Z-SUmGBtJx202akRdET9G2mOdnWW0","method":"GET"} []
[2018-07-21 18:14:59] security.DEBUG: Read existing security token from the session. {"key":"_security_main","token_class":"Symfony\\Component\\Security\\Core\\Authentication\\Token\\UsernamePasswordToken"} []
[2018-07-21 18:14:59] security.DEBUG: User was reloaded from a user provider. {"provider":"PrestaShopBundle\\Security\\Admin\\EmployeeProvider","username":"demo@tpanel.de"} []
[2018-07-21 18:15:04] app.ERROR: Data from PrestaShop Addons is invalid, and cannot fallback on cache.  {"exception":"cURL error 28: Operation timed out after 5000 milliseconds with 0 bytes received"} []
[2018-07-21 18:15:04] security.DEBUG: Stored the security token in the session. {"key":"_security_main"} []
[2018-07-21 18:15:06] request.INFO: Matched route "admin_module_notification_count". {"route":"admin_module_notification_count","route_parameters":{"_controller":"PrestaShopBundle\\Controller\\Admin\\ModuleController::notificationsCountAction","_legacy_controller":"AdminModulesNotifications","_route":"admin_module_notification_count"},"request_uri":"http://localhost:8888/prestashop/admin123/index.php/module/notifications/count?_token=NUNSxsRfUAm7S9Z-SUmGBtJx202akRdET9G2mOdnWW0","method":"GET"} []
[2018-07-21 18:15:06] security.DEBUG: Read existing security token from the session. {"key":"_security_main","token_class":"Symfony\\Component\\Security\\Core\\Authentication\\Token\\UsernamePasswordToken"} []
[2018-07-21 18:15:06] security.DEBUG: User was reloaded from a user provider. {"provider":"PrestaShopBundle\\Security\\Admin\\EmployeeProvider","username":"demo@tpanel.de"} []
[2018-07-21 18:15:12] app.ERROR: Data from PrestaShop Addons is invalid, and cannot fallback on cache.  {"exception":"cURL error 28: Operation timed out after 5000 milliseconds with 8345 bytes received"} []
[2018-07-21 18:15:12] security.DEBUG: Stored the security token in the session. {"key":"_security_main"} []
